<?xml version="1.0" encoding="UTF-8"?>
<!-- Generated by org.testng.reporters.JUnitReportReporter -->
<testsuite hostname="DESKTOP-CLI6E80" failures="0" tests="8" name="CSS.css" time="0.977" errors="0" timestamp="2020-12-23T19:20:55 IST" skipped="0">
  <testcase classname="CSS.css" name="test7" time="0.031"/>
  <system-out/>
  <testcase classname="CSS.css" name="test4" time="0.140"/>
  <system-out/>
  <testcase classname="CSS.css" name="test5" time="0.132"/>
  <system-out/>
  <testcase classname="CSS.css" name="test6" time="0.168"/>
  <system-out/>
  <testcase classname="CSS.css" name="test1" time="0.169"/>
  <system-out/>
  <testcase classname="CSS.css" name="test2" time="0.159"/>
  <system-out/>
  <testcase classname="CSS.css" name="test3" time="0.141"/>
  <system-out/>
  <testcase classname="CSS.css" name="test8" time="0.037"/>
  <system-out/>
</testsuite> <!-- CSS.css -->
