<?xml version="1.0" encoding="UTF-8"?>
<!-- Generated by org.testng.reporters.JUnitReportReporter -->
<testsuite hostname="DESKTOP-CLI6E80" failures="0" tests="8" name="CSS.css" time="0.931" errors="0" timestamp="2020-12-23T19:46:39 IST" skipped="0">
  <testcase classname="CSS.css" name="test1" time="0.138"/>
  <system-out/>
  <testcase classname="CSS.css" name="test8" time="0.048"/>
  <system-out/>
  <testcase classname="CSS.css" name="test4" time="0.129"/>
  <system-out/>
  <testcase classname="CSS.css" name="test6" time="0.127"/>
  <system-out/>
  <testcase classname="CSS.css" name="test2" time="0.149"/>
  <system-out/>
  <testcase classname="CSS.css" name="test5" time="0.142"/>
  <system-out/>
  <testcase classname="CSS.css" name="test3" time="0.144"/>
  <system-out/>
  <testcase classname="CSS.css" name="test7" time="0.054"/>
  <system-out/>
</testsuite> <!-- CSS.css -->
