<?xml version="1.0" encoding="UTF-8"?>
<!-- Generated by org.testng.reporters.JUnitReportReporter -->
<testsuite hostname="DESKTOP-CLI6E80" failures="0" tests="14" name="steimatzky.navi" time="10.020" errors="0" timestamp="2021-01-03T10:15:50 IST" skipped="13">
  <testcase classname="steimatzky.navi" name="music_subCategory" time="10.020"/>
  <system-out/>
  <testcase classname="steimatzky.navi" name="HOME_subCategory">
    <skipped/>
  </testcase> <!-- HOME_subCategory -->
  <system-out/>
  <testcase classname="steimatzky.navi" name="camping_subCategory">
    <skipped/>
  </testcase> <!-- camping_subCategory -->
  <system-out/>
  <testcase classname="steimatzky.navi" name="mCategorys">
    <skipped/>
  </testcase> <!-- mCategorys -->
  <system-out/>
  <testcase classname="steimatzky.navi" name="club">
    <skipped/>
  </testcase> <!-- club -->
  <system-out/>
  <testcase classname="steimatzky.navi" name="Cosmetics_and_perfumes_subCategory">
    <skipped/>
  </testcase> <!-- Cosmetics_and_perfumes_subCategory -->
  <system-out/>
  <testcase classname="steimatzky.navi" name="Costumers_club_subCategory">
    <skipped/>
  </testcase> <!-- Costumers_club_subCategory -->
  <system-out/>
  <testcase classname="steimatzky.navi" name="games_subCategory">
    <skipped/>
  </testcase> <!-- games_subCategory -->
  <system-out/>
  <testcase classname="steimatzky.navi" name="English_Books_subCategory">
    <skipped/>
  </testcase> <!-- English_Books_subCategory -->
  <system-out/>
  <testcase classname="steimatzky.navi" name="Gifts_and_leisure_subCategory">
    <skipped/>
  </testcase> <!-- Gifts_and_leisure_subCategory -->
  <system-out/>
  <testcase classname="steimatzky.navi" name="Appliances_subCategory">
    <skipped/>
  </testcase> <!-- Appliances_subCategory -->
  <system-out/>
  <testcase classname="steimatzky.navi" name="books_subCategory">
    <skipped/>
  </testcase> <!-- books_subCategory -->
  <system-out/>
  <testcase classname="steimatzky.navi" name="sales">
    <skipped/>
  </testcase> <!-- sales -->
  <system-out/>
  <testcase classname="steimatzky.navi" name="Smartphones_subCategory">
    <skipped/>
  </testcase> <!-- Smartphones_subCategory -->
  <system-out/>
</testsuite> <!-- steimatzky.navi -->
