<?xml version="1.0" encoding="UTF-8"?>
<!-- Generated by org.testng.reporters.JUnitReportReporter -->
<testsuite hostname="DESKTOP-CLI6E80" failures="0" tests="14" name="steimatzky.navi" time="383.593" errors="0" timestamp="2021-01-02T20:18:05 IST" skipped="0">
  <testcase classname="steimatzky.navi" name="sales" time="5.364"/>
  <system-out/>
  <testcase classname="steimatzky.navi" name="mCategorys" time="20.641"/>
  <system-out/>
  <testcase classname="steimatzky.navi" name="club" time="2.907"/>
  <system-out/>
  <testcase classname="steimatzky.navi" name="books_subCategory" time="284.290"/>
  <system-out/>
  <testcase classname="steimatzky.navi" name="English_Books_subCategory" time="11.422"/>
  <system-out/>
  <testcase classname="steimatzky.navi" name="games_subCategory" time="3.607"/>
  <system-out/>
  <testcase classname="steimatzky.navi" name="Gifts_and_leisure_subCategory" time="10.424"/>
  <system-out/>
  <testcase classname="steimatzky.navi" name="music_subCategory" time="10.213"/>
  <system-out/>
  <testcase classname="steimatzky.navi" name="Appliances_subCategory" time="6.171"/>
  <system-out/>
  <testcase classname="steimatzky.navi" name="Smartphones_subCategory" time="3.933"/>
  <system-out/>
  <testcase classname="steimatzky.navi" name="Cosmetics_and_perfumes_subCategory" time="5.435"/>
  <system-out/>
  <testcase classname="steimatzky.navi" name="HOME_subCategory" time="7.504"/>
  <system-out/>
  <testcase classname="steimatzky.navi" name="camping_subCategory" time="4.329"/>
  <system-out/>
  <testcase classname="steimatzky.navi" name="Costumers_club_subCategory" time="7.353"/>
  <system-out/>
</testsuite> <!-- steimatzky.navi -->
