<?xml version="1.0" encoding="UTF-8"?>
<!-- Generated by org.testng.reporters.JUnitReportReporter -->
<testsuite hostname="DESKTOP-CLI6E80" failures="0" tests="8" name="CSS.css" time="0.929" errors="0" timestamp="2020-12-23T19:41:05 IST" skipped="0">
  <testcase classname="CSS.css" name="test1" time="0.153"/>
  <system-out/>
  <testcase classname="CSS.css" name="test8" time="0.034"/>
  <system-out/>
  <testcase classname="CSS.css" name="test4" time="0.160"/>
  <system-out/>
  <testcase classname="CSS.css" name="test6" time="0.129"/>
  <system-out/>
  <testcase classname="CSS.css" name="test2" time="0.153"/>
  <system-out/>
  <testcase classname="CSS.css" name="test5" time="0.126"/>
  <system-out/>
  <testcase classname="CSS.css" name="test3" time="0.133"/>
  <system-out/>
  <testcase classname="CSS.css" name="test7" time="0.041"/>
  <system-out/>
</testsuite> <!-- CSS.css -->
