<?xml version="1.0" encoding="UTF-8"?>
<!-- Generated by org.testng.reporters.JUnitReportReporter -->
<testsuite hostname="DESKTOP-CLI6E80" failures="0" tests="14" name="steimatzky.navi" time="381.512" errors="0" timestamp="2021-01-01T17:12:51 IST" skipped="0">
  <testcase classname="steimatzky.navi" name="sales" time="5.430"/>
  <system-out/>
  <testcase classname="steimatzky.navi" name="mCategorys" time="19.498"/>
  <system-out/>
  <testcase classname="steimatzky.navi" name="club" time="2.809"/>
  <system-out/>
  <testcase classname="steimatzky.navi" name="books_subCategory" time="283.220"/>
  <system-out/>
  <testcase classname="steimatzky.navi" name="English_Books_subCategory" time="11.612"/>
  <system-out/>
  <testcase classname="steimatzky.navi" name="games_subCategory" time="3.557"/>
  <system-out/>
  <testcase classname="steimatzky.navi" name="Gifts_and_leisure_subCategory" time="10.259"/>
  <system-out/>
  <testcase classname="steimatzky.navi" name="music_subCategory" time="10.255"/>
  <system-out/>
  <testcase classname="steimatzky.navi" name="Appliances_subCategory" time="6.006"/>
  <system-out/>
  <testcase classname="steimatzky.navi" name="Smartphones_subCategory" time="3.927"/>
  <system-out/>
  <testcase classname="steimatzky.navi" name="Cosmetics_and_perfumes_subCategory" time="4.952"/>
  <system-out/>
  <testcase classname="steimatzky.navi" name="HOME_subCategory" time="7.814"/>
  <system-out/>
  <testcase classname="steimatzky.navi" name="camping_subCategory" time="4.292"/>
  <system-out/>
  <testcase classname="steimatzky.navi" name="Costumers_club_subCategory" time="7.881"/>
  <system-out/>
</testsuite> <!-- steimatzky.navi -->
