<?xml version="1.0" encoding="UTF-8"?>
<!-- Generated by org.testng.reporters.JUnitReportReporter -->
<testsuite hostname="DESKTOP-CLI6E80" failures="0" tests="14" name="steimatzky.navi" time="369.129" errors="0" timestamp="2020-12-31T23:56:05 IST" skipped="0">
  <testcase classname="steimatzky.navi" name="test1" time="5.517"/>
  <system-out/>
  <testcase classname="steimatzky.navi" name="test2" time="17.578"/>
  <system-out/>
  <testcase classname="steimatzky.navi" name="test3" time="2.709"/>
  <system-out/>
  <testcase classname="steimatzky.navi" name="test4" time="279.699"/>
  <system-out/>
  <testcase classname="steimatzky.navi" name="test5" time="11.002"/>
  <system-out/>
  <testcase classname="steimatzky.navi" name="test6" time="3.352"/>
  <system-out/>
  <testcase classname="steimatzky.navi" name="test7" time="9.656"/>
  <system-out/>
  <testcase classname="steimatzky.navi" name="test8" time="5.769"/>
  <system-out/>
  <testcase classname="steimatzky.navi" name="test9" time="5.814"/>
  <system-out/>
  <testcase classname="steimatzky.navi" name="test10" time="3.805"/>
  <system-out/>
  <testcase classname="steimatzky.navi" name="test11" time="5.416"/>
  <system-out/>
  <testcase classname="steimatzky.navi" name="test12" time="8.037"/>
  <system-out/>
  <testcase classname="steimatzky.navi" name="test13" time="3.811"/>
  <system-out/>
  <testcase classname="steimatzky.navi" name="test14" time="6.964"/>
  <system-out/>
</testsuite> <!-- steimatzky.navi -->
