<?xml version="1.0" encoding="UTF-8"?>
<!-- Generated by org.testng.reporters.JUnitReportReporter -->
<testsuite hostname="DESKTOP-CLI6E80" failures="0" tests="4" name="steimatzky.navi" time="284.060" errors="0" timestamp="2020-12-31T19:41:45 IST" skipped="3">
  <testcase classname="steimatzky.navi" name="test4" time="284.060"/>
  <system-out/>
  <testcase classname="steimatzky.navi" name="test3">
    <skipped/>
  </testcase> <!-- test3 -->
  <system-out/>
  <testcase classname="steimatzky.navi" name="test2">
    <skipped/>
  </testcase> <!-- test2 -->
  <system-out/>
  <testcase classname="steimatzky.navi" name="test1">
    <skipped/>
  </testcase> <!-- test1 -->
  <system-out/>
</testsuite> <!-- steimatzky.navi -->
