<?xml version="1.0" encoding="UTF-8"?>
<!-- Generated by org.testng.reporters.JUnitReportReporter -->
<testsuite hostname="DESKTOP-CLI6E80" failures="0" tests="14" name="steimatzky.navi" time="380.666" errors="0" timestamp="2021-01-02T21:13:21 IST" skipped="0">
  <testcase classname="steimatzky.navi" name="sales" time="5.450"/>
  <system-out/>
  <testcase classname="steimatzky.navi" name="mCategorys" time="18.674"/>
  <system-out/>
  <testcase classname="steimatzky.navi" name="club" time="2.803"/>
  <system-out/>
  <testcase classname="steimatzky.navi" name="books_subCategory" time="285.514"/>
  <system-out/>
  <testcase classname="steimatzky.navi" name="English_Books_subCategory" time="10.371"/>
  <system-out/>
  <testcase classname="steimatzky.navi" name="games_subCategory" time="3.505"/>
  <system-out/>
  <testcase classname="steimatzky.navi" name="Gifts_and_leisure_subCategory" time="10.086"/>
  <system-out/>
  <testcase classname="steimatzky.navi" name="music_subCategory" time="9.998"/>
  <system-out/>
  <testcase classname="steimatzky.navi" name="Appliances_subCategory" time="6.085"/>
  <system-out/>
  <testcase classname="steimatzky.navi" name="Smartphones_subCategory" time="3.932"/>
  <system-out/>
  <testcase classname="steimatzky.navi" name="Cosmetics_and_perfumes_subCategory" time="5.070"/>
  <system-out/>
  <testcase classname="steimatzky.navi" name="HOME_subCategory" time="7.638"/>
  <system-out/>
  <testcase classname="steimatzky.navi" name="camping_subCategory" time="3.874"/>
  <system-out/>
  <testcase classname="steimatzky.navi" name="Costumers_club_subCategory" time="7.666"/>
  <system-out/>
</testsuite> <!-- steimatzky.navi -->
