<?xml version="1.0" encoding="UTF-8"?>
<!-- Generated by org.testng.reporters.JUnitReportReporter -->
<testsuite hostname="DESKTOP-CLI6E80" failures="0" tests="4" name="CSS.css" time="0.742" errors="0" timestamp="2020-12-23T22:02:21 IST" skipped="0">
  <testcase classname="CSS.css" name="test4" time="0.035"/>
  <system-out/>
  <testcase classname="CSS.css" name="test1" time="0.228"/>
  <system-out/>
  <testcase classname="CSS.css" name="test3" time="0.048"/>
  <system-out/>
  <testcase classname="CSS.css" name="test2" time="0.431"/>
  <system-out/>
</testsuite> <!-- CSS.css -->
