<?xml version="1.0" encoding="UTF-8"?>
<!-- Generated by org.testng.reporters.JUnitReportReporter -->
<testsuite hostname="DESKTOP-CLI6E80" failures="0" tests="14" name="steimatzky_Navigation_bar.navi" time="388.592" errors="0" timestamp="2021-01-05T23:04:16 IST" skipped="0">
  <testcase classname="steimatzky_Navigation_bar.navi" name="sales" time="5.176"/>
  <system-out/>
  <testcase classname="steimatzky_Navigation_bar.navi" name="mCategorys" time="21.439"/>
  <system-out/>
  <testcase classname="steimatzky_Navigation_bar.navi" name="club" time="2.846"/>
  <system-out/>
  <testcase classname="steimatzky_Navigation_bar.navi" name="books_subCategory" time="286.461"/>
  <system-out/>
  <testcase classname="steimatzky_Navigation_bar.navi" name="English_Books_subCategory" time="10.790"/>
  <system-out/>
  <testcase classname="steimatzky_Navigation_bar.navi" name="games_subCategory" time="3.547"/>
  <system-out/>
  <testcase classname="steimatzky_Navigation_bar.navi" name="Gifts_and_leisure_subCategory" time="11.248"/>
  <system-out/>
  <testcase classname="steimatzky_Navigation_bar.navi" name="music_subCategory" time="11.618"/>
  <system-out/>
  <testcase classname="steimatzky_Navigation_bar.navi" name="Appliances_subCategory" time="6.673"/>
  <system-out/>
  <testcase classname="steimatzky_Navigation_bar.navi" name="Smartphones_subCategory" time="4.186"/>
  <system-out/>
  <testcase classname="steimatzky_Navigation_bar.navi" name="Cosmetics_and_perfumes_subCategory" time="5.634"/>
  <system-out/>
  <testcase classname="steimatzky_Navigation_bar.navi" name="HOME_subCategory" time="7.658"/>
  <system-out/>
  <testcase classname="steimatzky_Navigation_bar.navi" name="camping_subCategory" time="4.361"/>
  <system-out/>
  <testcase classname="steimatzky_Navigation_bar.navi" name="Costumers_club_subCategory" time="6.955"/>
  <system-out/>
</testsuite> <!-- steimatzky_Navigation_bar.navi -->
