<?xml version="1.0" encoding="UTF-8"?>
<!-- Generated by org.testng.reporters.JUnitReportReporter -->
<testsuite hostname="DESKTOP-CLI6E80" failures="0" tests="4" name="CSS.css" time="0.520" errors="0" timestamp="2020-12-28T20:49:07 IST" skipped="0">
  <testcase classname="CSS.css" name="test2" time="0.235"/>
  <system-out/>
  <testcase classname="CSS.css" name="test1" time="0.226"/>
  <system-out/>
  <testcase classname="CSS.css" name="test3" time="0.030"/>
  <system-out/>
  <testcase classname="CSS.css" name="test4" time="0.029"/>
  <system-out/>
</testsuite> <!-- CSS.css -->
