<?xml version="1.0" encoding="UTF-8"?>
<!-- Generated by org.testng.reporters.JUnitReportReporter -->
<testsuite hostname="DESKTOP-CLI6E80" failures="0" tests="8" name="steimatzky_search.search" time="511.545" errors="0" timestamp="2021-01-05T11:08:51 IST" skipped="0">
  <testcase classname="steimatzky_search.search" name="books" time="237.219"/>
  <system-out/>
  <testcase classname="steimatzky_search.search" name="English_Books" time="49.093"/>
  <system-out/>
  <testcase classname="steimatzky_search.search" name="Games_toys_and_puzzles" time="24.127"/>
  <system-out/>
  <testcase classname="steimatzky_search.search" name="Gifts_and_leisure" time="56.564"/>
  <system-out/>
  <testcase classname="steimatzky_search.search" name="music" time="27.813"/>
  <system-out/>
  <testcase classname="steimatzky_search.search" name="Appliances_and_smartphones" time="44.023"/>
  <system-out/>
  <testcase classname="steimatzky_search.search" name="Cosmetics_and_perfumes" time="24.748"/>
  <system-out/>
  <testcase classname="steimatzky_search.search" name="Home_and_camping" time="47.958"/>
  <system-out/>
</testsuite> <!-- steimatzky_search.search -->
