<?xml version="1.0" encoding="UTF-8"?>
<!-- Generated by org.testng.reporters.JUnitReportReporter -->
<testsuite hostname="DESKTOP-CLI6E80" failures="0" tests="8" name="CSS.css" time="1.485" errors="0" timestamp="2020-12-22T22:00:17 IST" skipped="0">
  <testcase classname="CSS.css" name="test1" time="0.159"/>
  <system-out/>
  <testcase classname="CSS.css" name="test8" time="0.023"/>
  <system-out/>
  <testcase classname="CSS.css" name="test4" time="0.344"/>
  <system-out/>
  <testcase classname="CSS.css" name="test6" time="0.304"/>
  <system-out/>
  <testcase classname="CSS.css" name="test2" time="0.170"/>
  <system-out/>
  <testcase classname="CSS.css" name="test5" time="0.307"/>
  <system-out/>
  <testcase classname="CSS.css" name="test3" time="0.147"/>
  <system-out/>
  <testcase classname="CSS.css" name="test7" time="0.031"/>
  <system-out/>
</testsuite> <!-- CSS.css -->
