<?xml version="1.0" encoding="UTF-8"?>
<!-- Generated by org.testng.reporters.JUnitReportReporter -->
<testsuite hostname="DESKTOP-CLI6E80" failures="0" tests="4" name="CSS.css" time="0.521" errors="0" timestamp="2020-12-26T20:34:14 IST" skipped="0">
  <testcase classname="CSS.css" name="test2" time="0.204"/>
  <system-out/>
  <testcase classname="CSS.css" name="test3" time="0.032"/>
  <system-out/>
  <testcase classname="CSS.css" name="test1" time="0.258"/>
  <system-out/>
  <testcase classname="CSS.css" name="test4" time="0.027"/>
  <system-out/>
</testsuite> <!-- CSS.css -->
