<?xml version="1.0" encoding="UTF-8"?>
<!-- Generated by org.testng.reporters.JUnitReportReporter -->
<testsuite hostname="DESKTOP-CLI6E80" failures="0" tests="8" name="testNG.t1" time="1.171" errors="0" timestamp="2020-12-23T19:41:33 IST" skipped="6">
  <testcase classname="testNG.t1" name="test1" time="1.090"/>
  <system-out/>
  <testcase classname="testNG.t1" name="test1" time="0.081"/>
  <system-out/>
  <testcase classname="testNG.t1" name="test2">
    <skipped/>
  </testcase> <!-- test2 -->
  <system-out/>
  <testcase classname="testNG.t1" name="test2">
    <skipped/>
  </testcase> <!-- test2 -->
  <system-out/>
  <testcase classname="testNG.t1" name="test4">
    <skipped/>
  </testcase> <!-- test4 -->
  <system-out/>
  <testcase classname="testNG.t1" name="test4">
    <skipped/>
  </testcase> <!-- test4 -->
  <system-out/>
  <testcase classname="testNG.t1" name="test3">
    <skipped/>
  </testcase> <!-- test3 -->
  <system-out/>
  <testcase classname="testNG.t1" name="test3">
    <skipped/>
  </testcase> <!-- test3 -->
  <system-out/>
</testsuite> <!-- testNG.t1 -->
