<?xml version="1.0" encoding="UTF-8"?>
<!-- Generated by org.testng.reporters.JUnitReportReporter -->
<testsuite hostname="DESKTOP-CLI6E80" failures="0" tests="8" name="steimatzky_search.search" time="505.683" errors="0" timestamp="2021-01-04T15:57:54 IST" skipped="0">
  <testcase classname="steimatzky_search.search" name="books" time="234.837"/>
  <system-out/>
  <testcase classname="steimatzky_search.search" name="ebooks" time="47.258"/>
  <system-out/>
  <testcase classname="steimatzky_search.search" name="games" time="56.340"/>
  <system-out/>
  <testcase classname="steimatzky_search.search" name="gift" time="23.723"/>
  <system-out/>
  <testcase classname="steimatzky_search.search" name="music" time="27.830"/>
  <system-out/>
  <testcase classname="steimatzky_search.search" name="ele" time="45.714"/>
  <system-out/>
  <testcase classname="steimatzky_search.search" name="cos" time="23.156"/>
  <system-out/>
  <testcase classname="steimatzky_search.search" name="home" time="46.825"/>
  <system-out/>
</testsuite> <!-- steimatzky_search.search -->
