<?xml version="1.0" encoding="UTF-8"?>
<!-- Generated by org.testng.reporters.JUnitReportReporter -->
<testsuite hostname="DESKTOP-CLI6E80" failures="0" tests="1" name="test.search" time="86.820" errors="0" timestamp="2021-01-08T12:42:56 IST" skipped="0">
  <testcase classname="test.search" name="clean_search_field" time="86.820"/>
  <system-out/>
</testsuite> <!-- test.search -->
