<?xml version="1.0" encoding="UTF-8"?>
<!-- Generated by org.testng.reporters.JUnitReportReporter -->
<testsuite hostname="DESKTOP-CLI6E80" failures="0" tests="4" name="CSS.css" time="0.805" errors="0" timestamp="2020-12-23T21:49:06 IST" skipped="0">
  <testcase classname="CSS.css" name="test3" time="0.029"/>
  <system-out/>
  <testcase classname="CSS.css" name="test4" time="0.037"/>
  <system-out/>
  <testcase classname="CSS.css" name="test2" time="0.321"/>
  <system-out/>
  <testcase classname="CSS.css" name="test1" time="0.418"/>
  <system-out/>
</testsuite> <!-- CSS.css -->
