<?xml version="1.0" encoding="UTF-8"?>
<!-- Generated by org.testng.reporters.JUnitReportReporter -->
<testsuite hostname="DESKTOP-CLI6E80" failures="0" tests="14" name="steimatzky.navi" time="457.443" errors="0" timestamp="2021-01-03T13:08:07 IST" skipped="0">
  <testcase classname="steimatzky.navi" name="sales" time="50.793"/>
  <system-out/>
  <testcase classname="steimatzky.navi" name="mCategorys" time="26.295"/>
  <system-out/>
  <testcase classname="steimatzky.navi" name="club" time="3.024"/>
  <system-out/>
  <testcase classname="steimatzky.navi" name="books_subCategory" time="301.896"/>
  <system-out/>
  <testcase classname="steimatzky.navi" name="English_Books_subCategory" time="12.522"/>
  <system-out/>
  <testcase classname="steimatzky.navi" name="games_subCategory" time="3.556"/>
  <system-out/>
  <testcase classname="steimatzky.navi" name="Gifts_and_leisure_subCategory" time="10.595"/>
  <system-out/>
  <testcase classname="steimatzky.navi" name="music_subCategory" time="11.543"/>
  <system-out/>
  <testcase classname="steimatzky.navi" name="Appliances_subCategory" time="6.600"/>
  <system-out/>
  <testcase classname="steimatzky.navi" name="Smartphones_subCategory" time="4.318"/>
  <system-out/>
  <testcase classname="steimatzky.navi" name="Cosmetics_and_perfumes_subCategory" time="5.949"/>
  <system-out/>
  <testcase classname="steimatzky.navi" name="HOME_subCategory" time="8.511"/>
  <system-out/>
  <testcase classname="steimatzky.navi" name="camping_subCategory" time="4.425"/>
  <system-out/>
  <testcase classname="steimatzky.navi" name="Costumers_club_subCategory" time="7.416"/>
  <system-out/>
</testsuite> <!-- steimatzky.navi -->
